<?xml version="1.0" encoding="utf-8"?><testsuites name="pytest tests"><testsuite name="pytest" errors="0" failures="0" skipped="0" tests="133" time="13.930" timestamp="2026-09-05T22:25:28.000915+08:00" hostname="PC-20230801VNPJ"><testcase classname="tests.test_audio" name="test_hardware_check_uses_highest_configured_rme_channels" time="0.000" /><testcase classname="tests.test_audio" name="test_hardware_check_warns_when_windows_may_resample" time="0.000" /><testcase classname="tests.test_audio" name="test_hardware_check_rejects_device_outside_selected_protocol" time="0.000" /><testcase classname="tests.test_audio" name="test_play_record_keeps_only_selected_input_channels" time="0.001" /><testcase classname="tests.test_audio" name="test_play_record_reports_stream_progress" time="0.001" /><testcase classname="tests.test_audio" name="test_stop_only_sets_event_and_never_calls_stream_from_gui_thread" time="0.000" /><testcase classname="tests.test_audio" name="test_stream_start_abort_and_close_stay_on_owner_thread" time="0.021" /><testcase classname="tests.test_audio" name="test_device_argument_converts_numeric_gui_prefix_to_portaudio_index" time="0.000" /><testcase classname="tests.test_audio" name="test_gui_device_choices_filter_input_and_output" time="0.000" /><testcase classname="tests.test_campaign_acqua" name="test_big_experiment_makes_one_selective_zip" time="0.088" /><testcase classname="tests.test_campaign_acqua" name="test_failed_supervised_pair_is_kept_in_pairing_table" time="0.034" /><testcase classname="tests.test_campaign_acqua" name="test_acqua_program_is_mixed_target_alternation_with_mapping" time="0.057" /><testcase classname="tests.test_campaign_acqua" name="test_acqua_early_recording_keeps_prefix_and_mapping" time="0.085" /><testcase classname="tests.test_capture_regressions" name="test_early_inactive_stream_is_an_error_not_zero_padded_success[duplex]" time="0.000" /><testcase classname="tests.test_capture_regressions" name="test_early_inactive_stream_is_an_error_not_zero_padded_success[input]" time="0.001" /><testcase classname="tests.test_capture_regressions" name="test_early_inactive_stream_is_an_error_not_zero_padded_success[output]" time="0.000" /><testcase classname="tests.test_capture_regressions" name="test_callback_exception_is_propagated_on_owner_thread[duplex]" time="0.000" /><testcase classname="tests.test_capture_regressions" name="test_callback_exception_is_propagated_on_owner_thread[input]" time="0.000" /><testcase classname="tests.test_capture_regressions" name="test_callback_exception_is_propagated_on_owner_thread[output]" time="0.000" /><testcase classname="tests.test_capture_regressions" name="test_cancelled_stream_reports_actual_frames_without_padding[duplex]" time="0.000" /><testcase classname="tests.test_capture_regressions" name="test_cancelled_stream_reports_actual_frames_without_padding[input]" time="0.000" /><testcase classname="tests.test_capture_regressions" name="test_cancelled_stream_reports_actual_frames_without_padding[output]" time="0.000" /><testcase classname="tests.test_capture_regressions" name="test_partial_final_callback_completes_exact_requested_length" time="0.001" /><testcase classname="tests.test_capture_regressions" name="test_backend_snapshot_preserves_channel_identity_after_config_edit" time="0.000" /><testcase classname="tests.test_capture_regressions" name="test_integer_and_unsupported_float_stream_formats_are_rejected[int16]" time="0.000" /><testcase classname="tests.test_capture_regressions" name="test_integer_and_unsupported_float_stream_formats_are_rejected[int32]" time="0.000" /><testcase classname="tests.test_capture_regressions" name="test_integer_and_unsupported_float_stream_formats_are_rejected[uint8]" time="0.000" /><testcase classname="tests.test_capture_regressions" name="test_integer_and_unsupported_float_stream_formats_are_rejected[float64]" time="0.000" /><testcase classname="tests.test_capture_regressions" name="test_record_to_file_propagates_callback_failure" time="0.003" /><testcase classname="tests.test_capture_regressions" name="test_record_to_file_distinguishes_user_stop_from_host_failure[True]" time="0.007" /><testcase classname="tests.test_capture_regressions" name="test_record_to_file_distinguishes_user_stop_from_host_failure[False]" time="0.004" /><testcase classname="tests.test_capture_regressions" name="test_gui_save_and_validate_cannot_change_pending_measurement[None]" time="0.006" /><testcase classname="tests.test_capture_regressions" name="test_gui_save_and_validate_cannot_change_pending_measurement[checklist1]" time="0.003" /><testcase classname="tests.test_capture_regressions" name="test_gui_constructs_scene_estimate_before_building_widgets" time="0.000" /><testcase classname="tests.test_demo" name="test_generate_demo_audio_writes_single_and_folder_batch_signals" time="0.017" /><testcase classname="tests.test_experiment" name="test_experiment_id_is_stable_and_windows_safe" time="0.000" /><testcase classname="tests.test_experiment" name="test_experiment_id_distinguishes_same_angle_at_different_heights" time="0.000" /><testcase classname="tests.test_experiment" name="test_manual_experiment_id_keeps_chinese_name_and_removes_path_punctuation" time="0.000" /><testcase classname="tests.test_experiment" name="test_matrix_plan_expands_to_experiment_configs" time="0.056" /><testcase classname="tests.test_experiment" name="test_interferer_rir_plan_can_use_output_channel_two" time="0.026" /><testcase classname="tests.test_experiment" name="test_compile_rir_dataset_exports_one_mean_ir_per_microphone_without_cross_experiment_mean" time="0.274" /><testcase classname="tests.test_experiment" name="test_compile_manual_rir_runs_keeps_runs_independent_and_all_microphones" time="0.206" /><testcase classname="tests.test_experiment" name="test_plan_compiler_rejects_same_name_with_changed_physical_condition" time="0.144" /><testcase classname="tests.test_gui_workflows" name="test_gui_buttons_run_all_simulated_workflows" time="1.789" /><testcase classname="tests.test_gui_workflows" name="test_gui_folder_scan_uses_requested_count_and_persisted_seed" time="1.890" /><testcase classname="tests.test_portable" name="test_portable_assets_install_with_relative_paths" time="0.022" /><testcase classname="tests.test_portable" name="test_portable_asset_install_does_not_overwrite_user_config" time="0.020" /><testcase classname="tests.test_professional" name="test_checklist_round_trip_and_apply" time="0.041" /><testcase classname="tests.test_professional" name="test_checklist_blank_cells_do_not_inherit_previous_experiment_metadata" time="0.031" /><testcase classname="tests.test_professional" name="test_standard_profile_warns_but_does_not_block_legacy_channel_map" time="0.002" /><testcase classname="tests.test_professional" name="test_production_supervised_capture_blocks_separate_device_clocks" time="0.002" /><testcase classname="tests.test_professional" name="test_mixture_additivity_metrics_are_channelwise" time="0.001" /><testcase classname="tests.test_professional" name="test_split_leakage_audit_finds_content_and_physical_group_overlap" time="0.000" /><testcase classname="tests.test_rir_pipeline_regressions" name="test_two_conflicting_takes_cannot_certify_either_member" time="0.140" /><testcase classname="tests.test_rir_pipeline_regressions" name="test_two_consistent_takes_are_still_accepted" time="0.147" /><testcase classname="tests.test_rir_pipeline_regressions" name="test_pcm_recording_preference_preserves_float_rir_and_inverse" time="0.228" /><testcase classname="tests.test_rir_pipeline_regressions" name="test_early_rir_diagnostic_policy_states_limited_training_scope" time="0.187" /><testcase classname="tests.test_rir_pipeline_regressions" name="test_full_response_policy_rejects_missing_late_echo_and_keeps_raw" time="0.122" /><testcase classname="tests.test_rir_pipeline_regressions" name="test_final_average_must_pass_full_response_policy_even_when_each_take_fits" time="0.057" /><testcase classname="tests.test_rir_pipeline_regressions" name="test_fixed_filter_timing_trend_does_not_become_a_clock_failure" time="0.212" /><testcase classname="tests.test_rir_pipeline_regressions" name="test_backend_cancel_status_is_respected_without_external_stop_callback" time="0.050" /><testcase classname="tests.test_rir_pipeline_regressions" name="test_crop_rejects_window_that_removes_earlier_microphone" time="0.030" /><testcase classname="tests.test_rir_pipeline_regressions" name="test_crop_rejects_tail_padding_due_to_common_latency" time="0.003" /><testcase classname="tests.test_rir_pipeline_regressions" name="test_crop_failure_retains_raw_and_diagnostic_ir_in_real_pipeline" time="0.069" /><testcase classname="tests.test_rir_pipeline_regressions" name="test_run_store_snapshots_configuration_and_metadata" time="0.040" /><testcase classname="tests.test_rir_pipeline_regressions" name="test_config_rejects_non_normalized_stream_types[int16]" time="0.001" /><testcase classname="tests.test_rir_pipeline_regressions" name="test_config_rejects_non_normalized_stream_types[int32]" time="0.001" /><testcase classname="tests.test_rir_pipeline_regressions" name="test_config_rejects_non_normalized_stream_types[uint8]" time="0.001" /><testcase classname="tests.test_rir_pipeline_regressions" name="test_config_rejects_non_normalized_stream_types[float64]" time="0.001" /><testcase classname="tests.test_rir_pipeline_regressions" name="test_shipped_configs_resolve_paths_within_unpacked_project" time="0.100" /><testcase classname="tests.test_signals" name="test_sweep_level_and_length" time="0.001" /><testcase classname="tests.test_signals" name="test_ess_analytic_phase_starts_at_zero_and_reaches_requested_band" time="0.001" /><testcase classname="tests.test_signals" name="test_output_routing_is_one_based" time="0.000" /><testcase classname="tests.test_signals" name="test_output_routing_can_keep_a_fixed_hardware_width" time="0.000" /><testcase classname="tests.test_signals" name="test_correlation" time="0.000" /><testcase classname="tests.test_signals" name="test_rir_residual_alignment_uses_common_shift_and_preserves_microphone_delay" time="0.001" /><testcase classname="tests.test_signals" name="test_direct_arrival_is_not_replaced_by_a_stronger_late_reflection" time="0.000" /><testcase classname="tests.test_signals" name="test_relative_delay_estimators_use_target_minus_reference_sign" time="0.003" /><testcase classname="tests.test_signals" name="test_sweep_segment_timing_detects_independent_clock_drift" time="0.006" /><testcase classname="tests.test_signals" name="test_rir_timing_reports_physical_inter_microphone_delay" time="0.004" /><testcase classname="tests.test_signals" name="test_extract_rir_uses_first_arrival_and_one_common_crop_for_all_microphones" time="0.011" /><testcase classname="tests.test_signals" name="test_regularized_ess_deconvolution_recovers_known_two_channel_fir" time="0.010" /><testcase classname="tests.test_signals" name="test_regularized_ess_deconvolution_matches_matlab_r2024b_golden_value" time="0.007" /><testcase classname="tests.test_signals" name="test_reconstruction_error_prefers_the_rir_that_generated_real_recording" time="0.001" /><testcase classname="tests.test_signals" name="test_reconstruction_metrics_report_mse_nmse_and_correlation_per_channel" time="0.001" /><testcase classname="tests.test_signals" name="test_rir_selection_keeps_one_common_consensus_for_all_microphones" time="0.005" /><testcase classname="tests.test_signals" name="test_normalized_rir_change_reports_one_percent_as_minus_40_db" time="0.000" /><testcase classname="tests.test_timing_regressions" name="test_configured_timing_covers_earlier_and_later_microphone[-144]" time="0.007" /><testcase classname="tests.test_timing_regressions" name="test_configured_timing_covers_earlier_and_later_microphone[-120]" time="0.007" /><testcase classname="tests.test_timing_regressions" name="test_configured_timing_covers_earlier_and_later_microphone[120]" time="0.006" /><testcase classname="tests.test_timing_regressions" name="test_configured_timing_covers_earlier_and_later_microphone[144]" time="0.007" /><testcase classname="tests.test_timing_regressions" name="test_configured_agreement_threshold_changes_decision_without_changing_estimates" time="0.001" /><testcase classname="tests.test_timing_regressions" name="test_silence_is_invalid_and_does_not_become_a_physical_delay" time="0.001" /><testcase classname="tests.test_timing_regressions" name="test_out_of_range_delay_is_not_replaced_with_an_in_range_side_lobe[-180]" time="0.003" /><testcase classname="tests.test_timing_regressions" name="test_out_of_range_delay_is_not_replaced_with_an_in_range_side_lobe[180]" time="0.003" /><testcase classname="tests.test_timing_regressions" name="test_spectral_gap_does_not_change_known_group_delay_branch[None]" time="0.001" /><testcase classname="tests.test_timing_regressions" name="test_spectral_gap_does_not_change_known_group_delay_branch[120.0]" time="0.001" /><testcase classname="tests.test_timing_regressions" name="test_fixed_lti_phase_does_not_confirm_hardware_clock_drift" time="0.009" /><testcase classname="tests.test_viewer" name="test_discover_audio_files" time="0.003" /><testcase classname="tests.test_viewer" name="test_display_points_keeps_multichannel_shape" time="0.001" /><testcase classname="tests.test_viewer" name="test_minmax_envelope_preserves_high_frequency_extrema" time="0.005" /><testcase classname="tests.test_viewer" name="test_select_audio_channel_supports_auto_mix_and_explicit_channel" time="0.000" /><testcase classname="tests.test_viewer" name="test_zoom_and_pan_intervals_stay_inside_signal_bounds" time="0.000" /><testcase classname="tests.test_viewer" name="test_zoom_modifier_accepts_matplotlib_modifier_collection" time="0.000" /><testcase classname="tests.test_workflows" name="test_simulated_backend_streams_standalone_recording_to_wav" time="0.038" /><testcase classname="tests.test_workflows" name="test_rir_end_to_end" time="0.287" /><testcase classname="tests.test_workflows" name="test_rir_repeat_consensus_is_not_anchored_to_a_bad_first_take" time="0.156" /><testcase classname="tests.test_workflows" name="test_legacy_adaptive_rir_config_migrates_to_reconstruct_average" time="0.004" /><testcase classname="tests.test_workflows" name="test_rir_stop_keeps_completed_takes_as_a_partial_average" time="0.065" /><testcase classname="tests.test_workflows" name="test_rir_fixed_count_records_exact_attempts_and_defers_selection" time="0.092" /><testcase classname="tests.test_workflows" name="test_rir_supports_more_than_two_microphones" time="0.117" /><testcase classname="tests.test_workflows" name="test_rir_rejects_take_with_audio_xrun" time="0.105" /><testcase classname="tests.test_workflows" name="test_rir_rejects_silent_microphones_instead_of_averaging_zero_ir" time="0.054" /><testcase classname="tests.test_workflows" name="test_manual_names_are_safe_for_windows_and_keep_unicode_dataset_identity" time="0.000" /><testcase classname="tests.test_workflows" name="test_selectable_scene_block" time="0.130" /><testcase classname="tests.test_workflows" name="test_target_and_mixed_pair_does_not_require_interferer_only" time="0.120" /><testcase classname="tests.test_workflows" name="test_scene_rejects_one_silent_microphone_for_supervision" time="0.108" /><testcase classname="tests.test_workflows" name="test_scene_failure_checkpoints_and_resume_skips_completed_pair" time="0.235" /><testcase classname="tests.test_workflows" name="test_scene_resume_rejects_changed_level_or_physical_labels" time="0.095" /><testcase classname="tests.test_workflows" name="test_source_indexes_and_reviewed_excel_feed_training_labels" time="0.461" /><testcase classname="tests.test_workflows" name="test_paired_sequence_uses_identical_target_samples_and_shared_boundaries" time="0.000" /><testcase classname="tests.test_workflows" name="test_supervised_mixture_requires_target_only" time="0.000" /><testcase classname="tests.test_workflows" name="test_supervision_requires_one_verified_duplex_device_clock" time="0.000" /><testcase classname="tests.test_workflows" name="test_pure_target_and_pure_interferer_scenes_are_supported" time="0.198" /><testcase classname="tests.test_workflows" name="test_folder_scene_batch_uses_seeded_plan_and_writes_labels" time="0.196" /><testcase classname="tests.test_workflows" name="test_folder_sources_are_hashed_lazily_per_captured_pair" time="0.141" /><testcase classname="tests.test_workflows" name="test_large_folder_pairing_is_bounded_and_reproducible" time="3.611" /><testcase classname="tests.test_workflows" name="test_speech_dataset_packages_multichannel_pairs_and_flattened_labels" time="0.185" /><testcase classname="tests.test_workflows" name="test_basic_io_actions" time="0.121" /><testcase classname="tests.test_workflows" name="test_basic_io_warns_when_recording_is_all_zero" time="0.038" /><testcase classname="tests.test_workflows" name="test_input_check_warns_when_all_microphones_are_zero" time="0.039" /><testcase classname="tests.test_workflows" name="test_silent_duplex_check_opens_both_output_channels" time="0.039" /><testcase classname="tests.test_workflows" name="test_silent_duplex_check_reports_audio_xrun" time="0.040" /></testsuite></testsuites>